160
4 12 33 47 165
4 300 326 482 1
4 14 21 256 279
4 299 306 315 322
4 330 421 454 7
4 17 86 154 189
4 212 334 352 358
4 414 492 11 64
4 72 73 120 141
4 156 158 170 182
4 213 266 301 319
4 337 410 443 462
4 484 495 0 38
4 48 52 108 111
4 113 155 166 210
4 221 234 261 264
4 298 310 329 350
4 371 376 434 448
4 451 452 463 475
4 486 5 15 19
4 20 34 60 61
4 147 175 181 187
4 193 199 208 219
4 231 236 240 249
4 258 271 273 277
4 288 292 311 320
4 324 356 360 367
4 385 387 396 405
4 409 419 430 433
4 439 445 455 473
4 498 499 3 6
4 8 10 13 18
4 23 24 31 55
4 65 71 89 90
4 91 99 105 117
4 121 123 139 149
4 159 162 163 177
4 180 188 192 201
4 203 214 218 225
4 230 235 242 263
4 268 276 278 283
4 294 302 328 336
4 345 348 351 353
4 362 364 375 384
4 388 391 392 394
4 397 399 400 403
4 407 412 422 424
4 427 429 431 437
4 438 442 444 447
4 449 459 467 472
4 474 497 16 22
4 25 26 27 29
4 32 36 40 41
4 44 45 46 50
4 54 56 59 66
4 69 70 76 78
4 79 80 81 92
4 95 100 101 104
4 106 107 109 112
4 114 115 116 119
3 124 128 129
3 132 136 138
3 144 148 151
3 152 153 160
3 164 172 174
3 185 186 195
3 198 200 204
3 207 217 226
3 233 237 244
3 245 247 251
3 254 259 267
3 269 274 280
3 282 284 285
3 289 295 304
3 307 325 332
3 339 341 347
3 359 361 363
3 365 372 373
3 377 378 379
3 390 395 401
3 411 425 432
3 446 450 453
3 460 461 468
3 490 494 28
3 35 93 97
3 190 196 197
3 252 286 333
3 369 420 423
3 441 2 4
3 9 30 37
3 39 42 43
3 49 51 53
3 57 58 62
3 63 67 68
3 74 75 77
3 82 83 84
3 85 87 88
3 94 96 98
3 102 103 110
3 118 122 125
3 126 127 130
3 131 133 134
3 135 137 140
3 142 143 145
3 146 150 157
3 161 167 168
3 169 171 173
3 176 178 179
3 183 184 191
3 194 202 205
3 206 209 211
3 215 216 220
3 222 223 224
3 227 228 229
3 232 238 239
3 241 243 246
3 248 250 253
3 255 257 260
3 262 265 270
3 272 275 281
2 287 290
2 291 293
2 296 297
2 303 305
2 308 309
2 312 313
2 314 316
2 317 318
2 321 323
2 327 331
2 335 338
2 340 342
2 343 344
2 346 349
2 354 355
2 357 366
2 368 370
2 374 380
2 381 382
2 383 386
2 389 393
2 398 402
2 404 406
2 408 413
2 415 416
2 417 418
2 426 428
2 435 436
2 440 456
2 457 458
2 464 465
2 466 469
2 470 471
2 476 477
2 478 479
2 480 481
2 483 485
2 487 488
2 489 491
2 493 496
