1628
4 287 356 643 728
4 865 2179 2227 2564
4 3178 3186 3353 3541
4 3893 4337 4392 4948
4 5192 5514 5725 6301
4 6425 6541 6897 7163
4 7216 7544 7640 7642
4 7878 8068 8298 8409
4 8502 8886 9152 9179
4 9225 9491 108 616
4 819 862 1227 1277
4 1574 1652 1841 1958
4 1971 2288 2418 2805
4 3006 3753 4226 4355
4 4468 4714 4789 5060
4 5182 5206 5254 5329
4 5550 5578 5663 5718
4 6213 6387 6513 6904
4 7019 7229 7298 7546
4 7795 8534 8645 8870
4 9100 9367 9406 9647
4 9710 9863 186 425
4 733 784 867 1495
4 1809 2163 2239 2563
4 2841 3425 3438 3536
4 3798 4143 4508 4598
4 4634 5424 5534 5612
4 5658 5741 5825 5848
4 5952 6087 6629 6796
4 6814 7087 7948 8141
4 8310 8740 8941 9172
4 9232 9329 9553 9617
4 9870 9885 5121 226
4 347 348 378 769
4 800 1376 1479 1563
4 1615 1661 1700 2201
4 2318 2344 2435 2577
4 2689 3208 3209 3712
4 3812 4693 4791 5510
4 5573 5611 5771 5958
4 6484 6620 7091 7349
4 7556 8564 9158 9423
4 9570 9582 9590 128
4 189 383 719 789
4 1099 1403 1685 2152
4 3917 4290 4403 4518
4 4726 4906 4986 6125
4 6253 6748 7333 7365
4 7434 7441 7799 8103
4 8309 8321 8771 9314
4 9346 9555 9862 9876
4 349 415 441 633
4 958 1131 1196 1235
4 1494 1788 1909 1949
4 2012 2451 2470 2586
4 3213 4211 4709 4939
4 5183 5294 5316 5409
4 6692 6701 6917 7060
4 7140 7459 7541 7580
4 7758 7835 7946 8064
4 8086 8347 8493 9205
4 9819 9954 203 291
4 361 703 831 863
4 1119 1180 1188 1230
4 1284 1679 1799 1868
4 1993 2356 2382 2550
4 2878 3327 3784 3859
4 3860 3949 4996 5148
4 5343 5379 6279 6456
4 6457 8080 8282 8379
4 8686 8960 9323 9737
4 4 280 388 405
4 509 693 782 935
4 1105 1323 1335 1611
4 1732 1818 2035 2384
4 2483 2498 3247 3821
4 4621 5410 5694 5779
4 6843 7479 7507 7669
4 7807 7965 8406 8412
4 8726 8875 9372 9999
4 200 227 258 268
4 922 1046 1074 1111
4 1133 1135 2324 2378
4 2579 2789 3394 3787
4 4254 4330 4344 4632
4 4633 4664 4675 4734
4 4950 5051 5699 5833
4 6085 6233 6407 7251
4 7307 7753 8410 8784
4 8955 8970 8985 9102
4 9663 9807 318 376
4 662 811 983 1029
4 1553 1987 2086 2311
4 2373 2386 2405 2541
4 2942 3292 3386 3389
4 3639 3922 4107 4461
4 4979 5356 5844 5977
4 6500 6635 6983 7667
4 7791 8461 8523 8791
4 9604 9636 9701 9724
4 9742 276 339 518
4 702 718 747 841
4 897 994 1048 1067
4 1255 1365 1721 1913
4 1926 2037 2040 2078
4 2090 2130 2276 2458
4 2667 2670 2714 2815
4 2851 2938 2965 2973
4 2984 3160 3190 3200
4 3236 3359 3462 3709
4 3713 3779 4068 4201
4 4303 4338 4348 4499
4 4597 4673 4745 4869
4 4927 5143 5344 5348
4 5695 5704 5871 5930
4 6013 6071 6091 6092
4 6204 6207 6322 6608
4 6667 6732 6877 7027
4 7070 7084 7242 7411
4 7538 7609 7630 7701
4 7762 7765 8184 8315
4 8385 8427 8627 8705
4 8769 8943 8973 9049
4 9058 9064 9288 9402
4 9472 9518 9827 9831
4 9897 9925 173 342
4 491 741 794 2030
4 2410 2508 2676 2715
4 3199 3385 3827 4371
4 4425 5005 5177 5327
4 6158 6371 6434 7092
4 7322 7399 8164 8374
4 8491 8602 8731 9148
4 9162 9186 9533 9557
4 9632 9644 9717 409
4 621 872 1534 1918
4 1992 2825 2883 3008
4 3756 3819 3866 4220
4 4273 4369 4810 5187
4 5266 5413 5885 6242
4 6254 6420 6647 7340
4 7627 7706 7820 7992
4 8136 8725 8872 9342
4 9773 69 148 195
4 821 917 984 1045
4 1063 1206 1329 1415
4 1439 1554 1705 1897
4 1969 2747 2934 3225
4 3267 3794 3799 3935
4 4323 4435 4651 4978
4 5073 5210 5399 5643
4 5957 6678 7069 7228
4 7636 7712 7832 8857
4 9282 9609 9977 8148
4 312 435 437 483
4 508 605 652 901
4 1610 1731 2166 2172
4 2427 2503 2803 2873
4 2884 3058 3144 3227
4 3466 3474 3620 4032
4 4103 4214 4237 4260
4 4356 4535 4807 5045
4 5167 5265 5361 5470
4 5840 5853 5883 5979
4 6174 6234 6480 6499
4 7033 7093 7165 7243
4 7264 7276 7393 7408
4 7547 7736 7938 8613
4 8728 8758 8879 9159
4 9327 9362 9963 179
4 194 987 1305 1654
4 2330 2425 2500 2996
4 3636 4224 4372 4758
4 4822 4860 5340 5350
4 5508 5745 6077 6654
4 6675 6841 6901 7097
4 7172 7416 7588 7793
4 7915 8142 8395 8507
4 8535 8570 8770 8778
4 8780 9011 9070 9775
4 9787 9822 111 118
4 184 192 209 303
4 596 1142 2170 2206
4 2556 2769 3082 3476
4 3530 3879 3984 4577
4 4732 4890 4891 4972
4 6187 6853 7059 7427
4 7639 7789 8117 8144
4 8311 8786 8877 9380
4 9415 9749 478 482
4 729 1614 1728 1831
4 2520 3044 3189 3777
4 4175 4285 4376 5067
4 5107 5279 5557 6128
4 6141 7086 7098 7561
4 7578 7856 7883 7942
4 8038 8114 8224 8361
4 8405 8417 8961 8975
4 9218 9264 9421 9571
4 9931 121 230 274
4 908 1485 1517 1695
4 1972 2485 2512 2771
4 2808 2812 2974 3493
4 3716 3717 3727 4523
4 4724 4952 5696 5747
4 5906 5983 5993 6156
4 6308 6411 6614 6902
4 7075 7590 7741 8061
4 8135 8244 8272 9436
4 9556 156 781 1350
4 1496 1625 2039 2098
4 3685 4232 4470 4699
4 4899 5483 5504 6177
4 6559 6682 6720 6833
4 6937 7045 7077 7187
4 7483 7606 7847 8002
4 8009 8075 8462 8530
4 9031 9793 61 256
4 311 424 507 574
4 833 1177 1226 1283
4 1749 1937 2110 2271
4 2272 2532 2602 2827
4 3635 4063 4098 4333
4 4845 5213 5304 5533
4 5617 5727 5870 6265
4 6428 6429 6545 6607
4 7017 7730 7864 8011
4 8045 8110 8220 8500
4 8542 8561 8698 8797
4 8880 9126 9736 36
4 125 971 981 1019
4 1089 1144 1314 1325
4 1456 1458 1730 1785
4 1855 2069 2302 2445
4 2491 2644 2679 2780
4 2844 2865 2869 2923
4 3093 3151 3388 3404
4 3556 3589 3627 3701
4 3711 3921 3979 4125
4 4166 4304 4364 4454
4 4471 4590 4654 4799
4 4905 5109 5230 5354
4 5374 5390 5565 5571
4 5654 5673 5735 5976
4 6061 6067 6194 6386
4 6422 6588 6758 6793
4 6802 7304 7722 7754
4 7784 7816 7837 8243
4 8301 8515 8622 8706
4 8843 8949 9109 9191
4 9279 9310 9422 9442
4 9452 9510 9541 9731
4 9758 9809 9997 81
4 428 682 795 866
4 1006 1171 1326 1501
4 1513 1634 1696 1753
4 1804 1917 1984 2231
4 2298 2447 2657 3023
4 3053 3059 3108 3307
4 3690 4297 4427 4440
4 4588 4876 4913 4966
4 4980 5023 5158 5260
4 5262 5377 5382 5783
4 5938 6026 6971 7068
4 7248 7337 7404 7533
4 7550 8159 8494 8556
4 8635 8868 9301 9357
4 9457 9498 9686 406
4 538 803 903 959
4 1166 1622 1703 1789
4 2252 3268 3469 3993
4 4262 4305 5008 5480
4 5754 5907 6075 6293
4 6539 6551 6998 7022
4 7030 7138 7139 7292
4 7367 7682 7711 7830
4 7833 7929 8190 8441
4 8473 8850 8924 9007
4 9296 9521 9910 9932
4 6404 182 1275 1307
4 1762 1932 2310 2357
4 2393 2583 2673 2900
4 3205 3266 3361 3534
4 3846 4591 4770 5472
4 5585 5632 5910 6021
4 6098 6237 6257 6412
4 6617 7067 7453 7514
4 7584 8555 8592 8968
4 9823 421 603 658
4 668 1149 1191 1824
4 2138 2645 3154 3286
4 3416 3705 3854 3963
4 4019 4048 4060 4283
4 4453 4793 4830 4843
4 4851 4893 4923 5010
4 5281 5693 5900 5926
4 6393 6519 6533 6799
4 6848 6859 7102 7129
4 7281 7523 7688 9042
4 9044 9548 9577 9698
4 2589 5913 25 224
4 275 341 452 698
4 921 1190 1612 1770
4 1878 2026 2385 2546
4 2664 2899 2928 2961
4 3169 3382 3591 3611
4 3803 3810 3994 4236
4 4571 4911 5100 5430
4 5640 6040 6222 6454
4 6643 6961 7000 7071
4 7574 7658 7985 8001
4 8085 8541 9189 9297
4 9311 9411 9861 9914
4 27 54 238 319
4 468 526 582 659
4 746 886 972 1302
4 1775 2153 2280 2656
4 2662 2709 3454 3523
4 3619 3696 3719 3990
4 4009 4691 5538 5809
4 5828 5838 6031 6119
4 6185 6195 6290 6334
4 6509 6592 6862 6923
4 7782 7852 7890 8000
4 8231 8334 8554 9059
4 9101 9146 9204 9229
4 9270 9554 9972 5583
4 6255 180 412 999
4 1134 1316 1667 1777
4 1873 2038 2525 2980
4 3156 3413 3754 4209
4 4525 4821 5386 5549
4 5635 6199 6283 6391
4 6491 6516 6772 6850
4 7011 7261 7488 7504
4 8034 8109 8118 9024
4 9720 9825 9933 9906
4 8785 3629 379 422
4 573 1087 1237 1308
4 1725 1880 2010 2154
4 2758 3383 3645 3843
4 4034 4132 4174 4252
4 4520 4556 4581 4705
4 4987 5014 5227 5257
4 5697 5778 5859 5949
4 6163 6792 7222 8098
4 8318 8344 8508 8546
4 8757 9150 9336 9400
4 154 360 533 583
4 911 986 1290 1374
4 1401 1664 1915 1964
4 2431 2706 2733 2858
4 3201 3340 3546 3628
4 3643 3788 4062 4438
4 4976 5029 5049 5108
4 5153 5342 5406 5466
4 5527 5539 5619 5820
4 6631 7005 7042 7183
4 7822 7882 7921 8511
4 9164 9321 9638 9833
4 9929 6584 93 302
4 575 630 883 1147
4 1148 1497 2083 2192
4 2279 2553 2807 3035
4 3088 3275 3301 3464
4 3752 3816 3992 4251
4 4426 4450 4483 4681
4 4832 4929 4973 5229
4 5280 5287 5338 5681
4 5682 5774 5912 6260
4 6485 6549 6686 7142
4 7573 7607 7783 7986
4 8420 8796 8862 9055
4 9560 259 344 495
4 506 625 779 1017
4 1169 1379 1428 1434
4 1455 1769 1844 2145
4 2366 2637 2735 2753
4 3032 3056 3148 3319
4 3430 3490 3699 3826
4 3957 3960 4015 4024
4 4051 4081 4152 4181
4 4199 4253 4342 4350
4 4396 4606 4872 4897
4 4941 5033 5050 5405
4 5650 5893 5984 6004
4 6241 6820 6872 6970
4 7053 7244 7317 7328
4 7456 8048 8279 8467
4 8483 8693 8782 8887
4 8892 8905 9053 9396
4 9509 9783 9940 322
4 537 823 1065 1265
4 1399 1436 1551 1766
4 1954 2186 2202 2377
4 2770 2886 2988 3259
4 3329 3455 3602 3616
4 3662 4165 4231 4388
4 4517 4622 4752 4762
4 4769 5113 5162 5498
4 5700 6039 6508 6511
4 6554 6694 6776 8012
4 8304 8380 8816 8860
4 9171 9239 9319 9451
4 9712 9816 273 493
4 546 888 1002 1238
4 1298 1424 1540 1613
4 2104 2121 2603 2895
4 3074 3191 3796 4263
4 4379 4667 5444 5535
4 5766 5814 5819 6074
4 6079 7167 7217 7481
4 7652 7661 7717 7829
4 7844 7848 8203 8232
4 8275 8439 8545 8695
4 8761 8957 8992 9057
4 9097 9176 9281 9370
4 9399 9586 9608 9715
4 7710 1737 814 938
4 1162 1444 1920 2380
4 2423 2439 2823 2889
4 2963 3399 3586 3623
4 4505 4545 4754 4928
4 4954 5099 5333 5448
4 5453 6319 6493 6570
4 6606 6690 6704 6821
4 7099 7266 7467 8455
4 8747 8984 8988 9245
4 9248 9284 9592 9664
4 9812 9869 3987 7529
4 5231 394 598 626
4 660 734 826 1187
4 1405 1462 1558 1583
4 1854 2051 2128 2691
4 3256 3343 3671 3759
4 3804 4354 4457 4594
4 4641 4806 5141 5512
4 6000 6007 6054 6109
4 6212 6337 6343 6390
4 6618 6714 7179 7321
4 7342 7564 7668 7716
4 8359 8599 8604 8685
4 9060 9107 9386 9474
4 9500 161 677 697
4 1198 1559 1581 2157
4 2839 2906 3041 3049
4 3057 3133 3220 3338
4 4050 4157 4464 4602
4 4666 4813 5120 5225
4 5299 5463 5811 5890
4 5915 6088 6284 6400
4 6788 6939 7270 8104
4 8474 8768 8951 8972
4 9050 9322 9536 9851
4 9981 269 1478 1521
4 1808 1882 2522 2537
4 2597 2797 3027 3348
4 3492 3503 3916 4059
4 4269 4956 5133 5188
4 5238 5273 5742 5921
4 6065 6142 6474 6753
4 6797 7015 7061 7239
4 7279 7431 7626 7872
4 8228 8251 8415 8540
4 8624 8713 9020 9041
4 9051 9298 9345 9375
4 9434 9634 9890 2094
4 4386 5796 9487 38
4 51 72 686 695
4 1020 1082 1575 2415
4 2424 2502 2504 2551
4 3110 3321 3467 3695
4 4184 4444 4739 5032
4 5419 5782 6143 6435
4 6441 6650 6730 6804
4 6868 7381 7745 7919
4 8147 8214 8429 8610
4 8628 8794 8855 9010
4 9145 9821 6735 8197
4 837 871 881 965
4 1059 1333 1412 1466
4 1580 1597 1658 1942
4 2116 2161 2200 2420
4 2436 2692 2890 3173
4 3210 3217 3242 3391
4 3495 3585 3813 4002
4 4247 4768 5807 5973
4 6006 6018 6055 6339
4 6562 6743 6751 6921
4 7660 7989 8128 8155
4 8559 8560 8819 9193
4 9240 9259 9312 9479
4 9682 1756 2584 8754
4 998 255 323 786
4 895 1413 1541 1594
4 1635 2066 2543 2695
4 2740 2773 2821 3222
4 3373 3444 3502 4327
4 4701 4802 4819 5038
4 5150 5274 5469 5740
4 5816 5851 6402 6832
4 6905 6924 7058 7306
4 7334 7343 7433 7656
4 7732 7766 7772 7855
4 7900 8381 8419 8446
4 8463 8742 8881 8933
4 9175 9473 9623 9648
4 9706 41 181 338
4 523 638 653 672
4 1297 1518 1547 1579
4 1802 2147 3030 3325
4 3577 3669 3785 4018
4 4616 4672 4737 5117
4 5607 6136 6230 6288
4 6354 7047 7623 7982
4 7988 8065 8248 8331
4 8596 8605 8836 9032
4 9478 167 223 724
4 989 1033 1185 1241
4 1310 1408 1448 1617
4 1676 1772 1901 2760
4 2767 2845 3094 3100
4 3116 3152 3215 3245
4 3287 3393 3459 3642
4 3815 3829 3868 3908
4 3970 4039 4086 4159
4 4180 4349 4755 4760
4 4864 4999 5092 5447
4 5486 5555 5560 5826
4 6066 6200 6523 6597
4 6909 6916 7107 7160
4 7358 7376 7378 7455
4 7477 7503 8024 8041
4 8157 8188 8255 8428
4 8764 8953 9012 9040
4 9112 9147 9351 9412
4 9455 9480 9640 9666
4 9808 9878 9916 9949
4 9979 9980 2395 6655
4 12 130 175 450
4 759 768 1000 1077
4 1846 1902 1973 2108
4 2168 2510 2611 2635
4 2866 2936 3117 3195
4 3419 3707 4373 4846
4 5055 5147 5596 5614
4 5678 6401 6749 6773
4 6919 7052 7211 7245
4 7258 7332 7654 7781
4 7827 7916 8039 8073
4 8615 8646 9190 9233
4 9506 9837 9990 2861
4 6312 59 7923 7569
4 169 308 627 961
4 988 1168 2218 2314
4 2325 2452 2587 2725
4 2782 2831 2993 3070
4 3091 3240 3663 3863
4 3928 4040 4077 4148
4 4153 4177 4648 4718
4 4797 4829 4896 5018
4 5169 5241 5286 5877
4 5889 6216 6269 6392
4 6416 6619 6621 6845
4 7007 7268 7527 7857
4 8053 9098 9881 7704
4 5515 9612 6632 7444
4 2 271 411 449
4 531 600 776 940
4 974 1060 1306 1407
4 1693 1947 2175 2372
4 2517 2745 3086 3600
4 3700 3790 4014 4020
4 4160 4205 4710 4715
4 4885 5072 5259 6101
4 6154 6162 6166 6468
4 6542 6579 6708 6737
4 6948 6999 7040 7066
4 7081 7272 7492 7638
4 7808 7871 8356 8365
4 8396 8533 9023 9212
4 9255 9685 9815 9832
4 9854 8873 7262 106
4 215 315 326 515
4 517 805 1075 1079
3 1278 1499 2049
3 2511 2526 2757
3 2948 3080 3150
3 3335 3409 3426
3 3479 4393 4609
3 5252 5569 5601
3 5698 5788 6186
3 6754 7131 7372
3 7405 8008 8257
3 8499 8662 8927
3 9027 9046 9120
3 9188 9964 466
3 1095 1139 1207
3 1317 1857 1944
3 2013 2082 2142
3 2562 2882 3254
3 3279 3477 3488
3 3670 4258 4486
3 4575 4971 5030
3 5068 5272 5351
3 5428 5589 5757
3 5965 5978 6081
3 6179 6278 6344
3 6382 6763 6912
3 6947 6967 6969
3 7109 7111 7125
3 7246 7299 7394
3 7531 8303 8681
3 8703 8717 8890
3 8998 9438 9601
3 9814 9865 8452
3 2489 7796 5905
3 191 309 314
3 448 939 1158
3 1395 2370 2518
3 2552 2959 3073
3 3138 3333 3497
3 3522 3898 4384
3 4938 5282 5376
3 5439 5884 5887
3 6082 6341 6358
3 6615 6968 7311
3 7719 7973 8131
3 8211 8312 8749
3 8805 8826 8891
3 9000 9081 9139
3 9226 9330 9484
3 9495 9646 9669
3 9673 9694 398
3 8407 542 997
3 1216 1273 1358
3 1588 1813 1924
3 1929 1941 2426
3 2569 2681 2842
3 2847 2908 2916
3 3025 3084 3090
3 3165 3193 3202
3 3346 3637 4027
3 4676 4794 5080
3 5297 5786 6153
3 6453 6591 6745
3 6787 6808 6854
3 6876 7055 7072
3 7513 7949 8052
3 8154 8173 8944
3 9324 9693 9884
3 820 1729 604
3 6459 9004 77
3 202 298 485
3 571 641 799
3 1102 1113 1153
3 1252 1258 1437
3 1477 1511 1525
3 1619 1706 2029
3 2122 2363 2607
3 2921 3118 3405
3 3450 4218 4287
3 4513 4614 4780
3 5215 5516 6024
3 6330 6830 7159
3 7327 7465 7528
3 8373 8549 8581
3 8600 8661 8744
3 9021 9099 9410
3 9448 9774 1248
3 7549 7064 4848
3 228 272 498
3 521 690 720
3 798 806 870
3 910 964 1097
3 1107 1182 1470
3 1690 1838 1881
3 2126 2211 2492
3 2622 2653 2834
3 2931 2966 3095
3 3102 3164 3211
3 3350 3415 3487
3 3961 3977 4389
3 4445 4507 4625
3 4660 4741 5328
3 5417 5437 5576
3 5581 5717 5790
3 5837 5985 6094
3 6201 6209 6375
3 6470 6556 6633
3 6933 7154 7184
3 7392 7458 7655
3 7802 7958 8209
3 8569 8820 9360
3 9447 9505 9829
3 9886 9991 5886
3 8603 8733 8189
3 8437 9354 9529
3 306 418 481
3 486 549 577
3 764 829 1254
3 1348 1460 1465
3 1911 1989 2505
3 2540 2636 2663
3 3064 3157 3341
3 3395 3417 3472
3 3680 4272 4334
3 4377 4421 4443
3 5365 5493 5509
3 5595 5924 5968
3 6069 6108 6314
3 6445 6447 6871
3 7120 7156 7171
3 7174 7484 7585
3 7845 7977 7987
3 8087 8221 8265
3 9006 9087 9217
3 9465 9610 9625
3 9696 9800 52
3 116 135 266
3 368 470 524
3 528 569 680
3 713 927 1025
3 1104 1108 1123
3 1236 1274 1343
3 1457 1662 1748
3 1752 1757 1776
3 1893 1938 1940
3 1950 2132 2286
3 2640 2721 2778
3 2832 2871 3198
3 3435 3525 3572
3 3732 3751 3755
3 3876 4111 4130
3 4145 4310 4418
3 4580 4680 4686
3 4749 4759 4812
3 5069 5394 5403
3 5597 5684 5818
3 5878 5937 5971
3 6048 6086 6182
3 6190 6217 6251
3 6295 6303 6369
3 6461 6658 6855
3 7029 7203 7379
3 7396 7575 7738
3 8217 8226 8271
3 8300 8416 8445
3 8481 8574 8587
3 8649 8678 8974
3 9113 9132 9317
3 9334 9395 9445
3 9477 9537 9708
3 9782 9796 9817
3 9947 9967 9992
3 6839 9213 1524
3 4449 4318 4574
3 5744 9483 4100
3 112 114 299
3 544 607 1039
3 1211 1555 1764
3 1832 1862 1864
3 2352 2433 2633
3 2700 2909 2933
3 3109 3158 3414
3 3434 3453 3529
3 3549 3644 3852
3 4271 4365 4422
3 4441 4466 4733
3 4828 5263 5275
3 5347 5364 5473
3 5479 5722 5892
3 5929 6009 6622
3 6634 6880 6881
3 6945 7162 7260
3 7364 7797 7840
3 7858 8503 8532
3 8595 8631 8763
3 8812 9084 9371
3 9547 9788 9794
3 9811 9905 6823
3 3904 4233 3626
3 7108 8479 5416
3 9620 88 536
3 566 671 763
3 815 880 1066
3 1195 1289 1599
3 1829 1850 2229
3 2359 2365 2515
3 2658 2665 2756
3 2897 2955 3019
3 3051 3194 3296
3 3486 3823 3871
3 4122 4417 4712
3 4721 4738 4937
3 5088 5322 5423
3 5495 5568 5691
3 5792 5925 5928
3 5961 5964 6167
3 6535 6644 6930
3 7257 7360 7511
3 7651 7749 7887
3 8062 8170 8219
3 8676 8969 9030
3 9117 9316 9369
3 9934 9943 1287
3 2545 6476 9383
3 260 329 391
3 423 777 822
3 1016 1183 1320
3 1355 1447 1557
3 1585 1631 1647
3 1811 1890 2052
3 2176 2285 2348
3 2863 2978 3016
3 3243 3310 3363
3 3427 3440 3633
3 3780 4158 4416
3 4584 5009 5176
3 5222 5404 5680
3 5862 6033 6151
3 6224 6282 6285
3 6395 7001 7192
3 7474 7628 7637
3 8077 8278 8345
3 8495 8513 8557
3 8655 8883 8893
3 9082 9393 9469
3 9662 9772 9839
3 4004 3697 1396
3 9131 5427 4041
3 904 1474 1582
3 2238 2651 2659
3 3018 3177 3187
3 3218 3251 3360
3 3734 3772 3797
3 3847 3897 3968
3 4025 4028 4309
3 4642 5003 5095
3 5298 5321 5384
3 5591 5734 5888
3 5969 6049 6183
3 6783 6986 7283
3 7383 7398 7401
3 7493 7690 7735
3 7842 8174 8469
3 8594 8748 8832
3 8882 9074 9155
3 9224 9804 370
3 973 2061 847
3 3015 2155 4644
3 4863 9247 7792
3 6668 3135 4631
3 2222 1492 91
3 380 587 609
3 646 812 1145
3 1186 1550 1686
3 1999 2075 2100
3 2224 2301 2594
3 2614 2693 2703
3 3255 3328 3471
3 3494 3625 3901
3 4108 4191 4494
3 4512 4533 4610
3 4728 4740 4763
3 4962 4985 5063
3 5070 5296 5537
3 5543 5624 5674
3 5767 5940 5963
3 6305 6321 6438
3 6458 6496 6593
3 6815 7063 7345
3 7417 7611 7773
3 7897 8443 8660
3 8730 8739 8762
3 8831 9470 9628
3 9723 9733 9618
3 2752 5363 7168
3 2687 2843 5570
3 44 453 555
3 567 650 700
3 928 1035 1176
3 1295 1337 1346
3 1435 1454 1608
3 1859 1970 2107
3 2140 2561 2660
3 2997 3667 3722
3 3988 4006 4198
3 4229 4300 4360
3 4547 5015 5057
3 5105 5542 5689
3 5690 5709 6518
3 6543 6767 6860
3 6866 7025 7241
3 7347 7377 7646
3 7854 8156 8230
3 8475 8928 9208
3 9291 9347 9764
3 2117 8284 1561
3 7100 461 3505
3 8775 9765 1423
3 3295 4036 2932
3 8287 1385 6640
3 8004 8854 3273
3 74 158 220
3 374 510 572
3 670 1578 1727
3 1852 2054 2088
3 2253 2299 2332
3 2476 2696 2734
3 2743 2885 2919
3 3026 3111 3400
3 3446 3936 4082
3 4109 4414 4423
3 4757 4895 5027
3 5309 5528 5603
3 5639 5677 5822
3 6150 6239 6272
3 6378 6427 6512
3 6652 6709 6875
3 6885 7185 7421
3 7476 7843 7894
3 8400 8424 8772
3 8867 9037 9178
3 9254 9303 9589
3 9641 9735 9883
3 5616 8591 3715
3 2345 2096 5918
3 6639 9813 674
3 3420 8 64
3 165 196 267
3 492 527 570
3 1091 1303 1391
3 1473 1691 1745
3 1995 2018 2181
3 3048 3079 3331
3 3447 3693 3762
3 3763 4012 4080
3 4133 4195 4227
3 4239 4413 4583
3 4684 4868 5160
3 5267 5311 5388
3 5588 5685 5943
3 6073 6114 6661
3 6718 6840 6858
3 7339 7486 7670
3 8090 8100 8185
3 8227 8302 8368
3 8389 8458 8913
3 9045 9236 9258
3 9387 9645 9904
3 9960 1556 5090
3 7936 666 2331
3 2935 4695 5251
3 2598 3825 6762
3 1677 9959 1081
3 1114 4147 6756
3 5001 5592 8384
3 8689 216 427
3 1022 1064 1068
3 1217 1243 1285
3 1345 1443 1530
3 1567 1872 2042
3 2204 2248 2306
3 2349 2620 2910
3 3054 3119 3179
3 3290 3349 3588
3 3624 3658 3890
3 4013 4313 4519
3 4645 5021 5123
3 5135 5545 5604
3 5726 5760 5798
3 5936 6274 6403
3 6536 6750 6940
3 7106 7112 7350
3 7571 7801 7932
3 8113 8158 8171
3 8223 8246 8254
3 8291 8319 8735
3 8945 9076 9237
3 9318 9339 9622
3 9950 8119 1388
3 6196 7525 9818
3 864 5989 683
3 948 4106 6613
3 3942 5526 9888
3 8911 8320 4194
3 4473 5083 5211
3 9128 248 337
3 519 591 632
3 696 761 788
3 943 957 1076
3 1223 1410 1515
3 1803 1805 1858
3 1885 2044 2230
3 2680 2698 2720
3 2790 2801 3046
3 3270 3423 3684
3 3801 4065 4128
3 4243 4761 4764
3 4930 4944 4967
3 5293 5317 5395
3 5464 5554 5636
3 5642 5749 5755
3 6281 6527 6670
3 6707 6806 6918
3 7020 7031 7438
3 8366 8451 8536
3 8620 8906 8936
3 8979 9278 9309
3 9409 9591 9616
3 9786 9903 9969
3 9973 99 429
3 440 563 743
3 1112 1245 1247
3 1463 1468 1493
3 1641 1792 1795
3 1828 2017 2455
3 2507 2519 2581
3 2638 2945 3081
3 3197 3377 3384
3 3387 3533 3535
3 3571 3603 3682
3 3742 3931 4008
3 4084 4114 4536
3 4541 4576 4589
3 4593 4743 4968
3 4998 5202 5221
3 5228 5440 5552
3 5618 5634 5857
3 5999 6043 6103
3 6236 6360 6503
3 6710 6878 6991
3 7035 7113 7182
3 7323 7348 7450
3 7597 7705 7811
3 7933 8029 8054
3 8121 8512 8666
3 8765 8959 9127
3 9228 9290 9704
3 9740 9898 9939
3 3149 5052 7369
3 8585 936 2459
3 2819 7515 8777
3 132 2968 4670
3 7819 2246 3484
3 7577 962 876
3 7863 8240 8814
3 2723 7939 7368
3 222 242 629
3 736 942 993
3 1054 1663 1982
3 2568 2876 3039
3 3314 3500 3612
3 3768 3837 3907
3 4053 4120 4257
3 4266 4409 4500
3 4697 4781 5079
3 5127 5247 5331
3 5458 5491 5499
3 5661 5668 5701
3 5789 5960 6277
3 6374 6817 6829
3 6950 6996 7002
3 7224 7293 7335
3 7429 7535 7771
3 8213 8497 8521
3 8760 8813 9136
3 9266 9427 9661
3 9700 9955 9970
3 752 8837 9256
3 3457 8991 110
3 8392 3176 7208
3 7290 7950 371
3 2196 2728 7101
3 684 8636 281
3 2212 4808 8641
3 9267 5791 63
3 2499 6240 138
3 140 162 856
3 920 950 1018
3 1109 1151 1218
3 1319 1324 1438
3 1506 1645 1741
3 1931 2269 2379
3 2473 2580 2688
3 2717 2829 2888
3 3326 3915 4022
3 4042 4123 4234
3 4317 4658 4834
3 4920 5179 5220
3 5436 5456 5876
3 5995 6105 6660
3 6683 6765 6825
3 7089 7200 7235
3 7389 7570 7657
3 7679 7873 7901
3 8237 8323 8505
3 8528 8827 9017
3 9257 9331 9348
3 9379 9384 9681
3 9798 9902 9951
3 9975 5602 9614
3 714 2475 3656
3 4090 7259 1101
3 2064 9019 4916
3 5651 9894 1013
3 3678 7834 839
3 1491 2548 3024
3 3765 5048 7945
3 6170 7198 235
3 284 294 352
3 475 637 809
3 1055 1141 1219
3 1225 1338 1490
3 1539 1576 1628
3 2097 2291 2347
3 2523 2557 2860
3 2967 3068 3219
3 3358 3714 4216
3 4280 4458 4618
3 4795 4919 5036
3 5137 5201 5218
3 5360 5407 5454
2 5485 5521
2 5675 6019
2 6057 6406
2 6460 6684
2 6734 6982
2 7062 7122
2 7625 7853
2 7886 8195
2 8422 8436
2 8522 8647
2 8807 8817
2 8838 8963
2 9138 9206
2 9444 9462
2 9842 4405
2 4961 1004
2 1071 1115
2 5945 9965
2 4685 7937
2 1233 2124
2 3302 4579
2 3272 3795
2 8152 9986
2 5042 384
2 2141 3647
2 6677 7104
2 9295 1734
2 2008 2070
2 7927 107
2 190 237
2 244 262
2 410 503
2 553 1005
2 1189 1267
2 1315 1402
2 1489 1758
2 1826 2171
2 2251 2411
2 2474 2925
2 3033 3408
2 3478 3481
2 3675 3741
2 3909 3953
2 4035 4113
2 4274 4408
2 4620 4963
2 5012 5256
2 5353 5367
2 5748 5967
2 6072 6345
2 6379 6507
2 6807 6888
2 7180 7227
2 7300 7498
2 7599 7645
2 7649 7739
2 7760 7787
2 7794 7866
2 7909 7928
2 8017 8023
2 8099 8274
2 8329 8391
2 8552 8598
2 8672 9153
2 9180 9211
2 9249 9355
2 9658 9912
2 4702 5101
2 6782 7135
2 854 5773
2 6495 1707
2 2115 4430
2 8058 336
2 1164 1214
2 2080 4957
2 5046 7201
2 7540 443
2 2558 2922
2 4788 4917
2 5214 7409
2 8639 1341
2 7896 8063
2 3499 5653
2 7825 49
2 976 6702
2 7202 7961
2 1146 1830
2 4886 4964
2 6381 9307
2 390 606
2 623 966
2 967 1042
2 1155 1263
2 1366 1860
2 1956 1967
2 1977 2131
2 2174 2249
2 2316 2327
2 2513 2690
2 2739 2850
2 2930 3354
2 3392 3528
2 3731 3867
2 3975 4110
2 4115 4142
2 4288 4341
2 4515 4530
2 4698 4782
2 4873 4936
2 4988 5180
2 5217 5303
2 5369 5432
2 5750 5874
2 6014 6504
2 6679 6723
2 7038 7263
2 7287 7341
2 7442 7893
2 8083 8122
2 8377 8547
2 8844 8848
2 9005 9018
2 9066 9090
2 9493 9513
2 9544 9792
2 3463 4509
2 6176 7313
2 9568 818
2 82 4983
2 3792 5295
2 6107 8612
2 3047 5772
2 7595 7757
2 3607 3940
2 4135 4874
2 5982 2727
2 3096 2228
2 2274 5713
2 8338 9305
2 581 832
2 1057 1070
2 1544 1626
2 2076 2262
2 2521 2678
2 2902 3009
2 3077 3204
2 3283 3374
2 3501 3552
2 3560 3668
2 3848 3925
2 4070 4121
2 4306 4370
2 4436 4531
2 4700 4735
2 4850 4852
2 5111 5138
2 5193 5339
2 5670 5688
2 5852 6025
2 6106 6368
2 6488 6771
2 7046 7370
2 7380 7737
2 7831 7967
2 8292 8788
2 9026 9207
2 9244 9677
2 9926 2964
2 3896 6252
2 636 1353
2 3228 3566
2 1210 3309
2 4322 7136
2 8485 8608
2 887 5310
2 7305 1851
2 3293 4240
2 6168 7543
2 71 4406
2 4925 6550
2 7516 8322
2 9433 1988
2 1203 6935
2 8745 9129
2 7551 9866
2 1671 4940
2 119 277
2 505 979
2 1008 1083
2 1088 1103
2 1294 1386
2 1421 1459
2 1733 1794
2 2067 2084
2 2270 2275
2 2371 2630
2 2970 2976
2 3066 3159
2 3172 3666
2 3729 3856
2 3918 3995
2 4005 4037
2 4127 4353
2 4492 4674
2 4756 4844
2 5129 5196
2 5224 5242
2 5692 5842
2 5894 5914
2 5946 5956
2 5974 6044
2 6286 6706
2 6810 7164
2 7288 7539
2 7620 7891
2 7913 8078
2 8236 8351
2 8586 8657
2 8878 8899
2 8962 9039
2 9108 9160
2 9219 9352
2 9424 9563
2 9789 9867
2 9872 1955
2 5625 7145
2 9795 7
2 1812 4185
2 9527 8116
2 3437 4141
2 5383 47
2 4131 5219
2 7579 594
2 1322 1450
2 2456 3114
2 7326 8465
2 8851 9552
2 4167 2259
2 4235 4637
2 7359 187
2 239 254
2 601 612
2 614 704
2 715 785
2 1328 1633
2 2001 2021
2 2178 2225
2 2336 2468
2 2666 2704
2 2744 2794
2 2838 2857
2 3366 3458
2 3598 3634
2 3638 3971
2 4119 4433
2 4503 4540
2 4568 4816
2 4993 5053
2 5054 5091
2 5185 5289
2 5302 5580
2 6120 6135
2 6169 6249
2 6388 6610
2 6625 6836
2 6837 6979
2 7049 7254
2 7265 7295
2 7352 7568
2 7587 7591
2 7593 7681
2 7892 7979
2 8016 8181
2 8269 8526
2 8551 8719
2 8774 8942
2 8966 9054
2 9130 9174
2 9377 9728
2 9763 9781
2 9945 9
2 3042 3142
2 766 1094
2 1713 7231
2 1742 4655
2 5006 5652
2 1934 3686
2 7583 9539
2 9690 532
2 2686 5873
2 2962 4074
2 4561 5494
2 7715 9525
2 3844 4657
2 8803 9263
2 727 2481
2 3072 8553
2 723 1050
2 1895 4847
2 7083 382
2 434 469
2 496 578
2 681 762
2 765 1078
2 1531 1655
2 1968 1981
2 2003 2208
2 2244 2397
2 2479 2530
2 2605 2631
2 2724 2792
2 2796 2864
2 2972 3171
2 3260 3315
2 3565 3622
2 3640 3660
2 3683 3774
2 3820 3835
2 3948 4277
2 4429 4888
2 5358 5412
2 5655 5660
2 5765 5768
2 5781 5799
2 5866 6062
2 6099 6100
2 6262 6423
2 6487 6548
2 6599 6641
2 6687 6755
2 6801 6975
2 7207 7462
2 7517 7635
2 7918 8007
2 8107 8283
2 8399 8669
2 8688 8708
2 8792 8829
2 8995 9104
2 9199 9253
2 9392 9403
2 9437 9485
2 9621 9643
2 9729 9803
2 4112 4475
2 6129 6957
2 2759 3357
2 4102 7447
2 8250 8387
2 9235 9532
2 9917 62
2 2982 4374
2 7088 2293
2 2736 7196
2 8736 1946
2 3519 8332
2 954 3196
2 213 7032
2 7308 7648
2 8375 859
2 4320 8010
2 9196 9946
2 1591 2045
2 5163 6547
2 9063 1418
2 1724 2726
2 4076 5777
2 6882 1
2 66 141
2 250 295
2 363 455
2 504 561
2 619 775
2 808 810
2 838 1163
2 1623 1698
2 1871 1905
2 1933 1974
2 2109 2194
2 2391 2443
2 2471 2763
2 2810 3234
2 3320 3532
2 3865 3943
2 3958 4138
2 4256 4270
2 4411 4548
2 4570 4608
2 4820 4901
2 5306 5420
2 5706 5802
2 5997 6045
2 6083 6191
2 6247 6501
2 6894 7143
2 7548 7576
2 8095 8124
2 8127 8130
2 8354 8371
2 8550 8566
2 8781 9349
2 9364 9501
2 9593 9596
2 9727 9826
2 9835 9982
2 9989 15
2 73 155
2 320 539
2 588 655
2 914 932
2 1014 1251
2 1342 1360
2 1380 1398
2 1420 1500
2 1603 1719
2 2005 2111
2 2317 2369
2 2413 2588
2 2641 2643
2 2764 2853
2 2904 2991
2 3380 3406
2 3441 3461
2 3545 3550
2 3576 3766
2 3778 3831
2 3955 4241
2 4493 4601
2 5062 5186
2 5319 5477
2 5587 5590
2 5620 5629
2 6139 6159
2 6325 6418
2 6431 6475
2 6696 6722
2 6980 7021
2 7034 7133
2 7338 7448
2 7452 7589
2 7650 7941
2 8050 8096
2 8191 8192
2 8280 8514
2 8520 8825
2 8840 8914
2 9116 9125
2 9169 9287
2 9308 9353
2 9381 9388
2 9607 9923
2 9998 2060
2 2342 3337
2 4619 5904
2 6611 7725
2 8193 8767
2 850 1568
2 2652 3689
2 6178 9106
2 992 2340
2 4402 5172
2 9119 2544
2 3155 8644
2 1433 4490
2 4638 4912
2 4995 9966
2 1621 2642
2 3170 3672
2 6558 9747
2 586 2085
2 2749 3648
2 3775 120
2 201 3757
2 5729 8626
2 9344 9576
2 3542 3781
2 5686 6038
2 6534 6913
2 7451 7494
2 7851 8601
2 21 331
2 595 1052
2 1124 1143
2 1213 1327
2 1442 1592
2 1602 1605
2 1957 1966
2 2103 2409
2 2419 2617
2 2729 2818
2 2969 3007
2 3043 3045
2 3181 3192
2 3221 3249
2 3284 3403
2 3554 3562
2 3735 4010
2 4154 4219
2 4345 4924
2 5415 5582
2 5608 5715
2 5723 5746
2 5753 5847
2 5867 5996
